app/build/intermediates/manifest_merge_blame_file/debug/processDebugMainManifest/manifest-merger-blame-debug-report.txt
1<?xml version="1.0" encoding="utf-8"?>
2<manifest xmlns:android="http://schemas.android.com/apk/res/android"
3    package="com.micklab.reversy"
4    android:versionCode="1"
5    android:versionName="1.1" >
6
7    <uses-sdk
8        android:minSdkVersion="24"
9        android:targetSdkVersion="36" />
10
11    <uses-permission android:name="android.permission.INTERNET" />
11-->src/main/AndroidManifest.xml:3:5-67
11-->src/main/AndroidManifest.xml:3:22-64
12
13    <queries>
13-->src/main/AndroidManifest.xml:5:5-7:15
14        <package android:name="com.micklab.llama" />
14-->src/main/AndroidManifest.xml:6:9-53
14-->src/main/AndroidManifest.xml:6:18-50
15    </queries>
16
17    <application
17-->src/main/AndroidManifest.xml:9:5-31:19
18        android:debuggable="true"
19        android:extractNativeLibs="false"
20        android:icon="@mipmap/ic_launcher"
20-->src/main/AndroidManifest.xml:13:9-43
21        android:label="@string/app_name"
21-->src/main/AndroidManifest.xml:10:9-41
22        android:roundIcon="@mipmap/ic_launcher"
22-->src/main/AndroidManifest.xml:14:9-48
23        android:theme="@android:style/Theme.Material.Light.NoActionBar"
23-->src/main/AndroidManifest.xml:11:9-72
24        android:usesCleartextTraffic="true" >
24-->src/main/AndroidManifest.xml:12:9-44
25        <activity
25-->src/main/AndroidManifest.xml:16:9-25:20
26            android:name="com.micklab.reversy.MainActivity"
26-->src/main/AndroidManifest.xml:17:13-41
27            android:exported="true" >
27-->src/main/AndroidManifest.xml:18:13-36
28            <intent-filter>
28-->src/main/AndroidManifest.xml:20:13-23:29
29                <action android:name="android.intent.action.MAIN" />
29-->src/main/AndroidManifest.xml:21:17-69
29-->src/main/AndroidManifest.xml:21:25-66
30
31                <category android:name="android.intent.category.LAUNCHER" />
31-->src/main/AndroidManifest.xml:22:17-77
31-->src/main/AndroidManifest.xml:22:27-74
32            </intent-filter>
33        </activity>
34        <activity
34-->src/main/AndroidManifest.xml:27:9-29:40
35            android:name="com.micklab.reversy.DocumentsActivity"
35-->src/main/AndroidManifest.xml:28:13-46
36            android:exported="false" />
36-->src/main/AndroidManifest.xml:29:13-37
37    </application>
38
39</manifest>